<?xml version="1.0" encoding="UTF-8"?>
<!-- Generated by org.testng.reporters.JUnitReportReporter -->
<testsuite skipped="0" hostname="gopinath" name="runnersclass.TestRunner" tests="1" failures="0" timestamp="27 Mar 2020 06:45:33 GMT" time="18.557" errors="0">
  <testcase name="feature" time="18.557" classname="runnersclass.TestRunner"/>
</testsuite> <!-- runnersclass.TestRunner -->
